# JRE version: Java(TM) SE Runtime Environment (8.0_45-b15) (build 1.8.0_45-b15)
# Java VM: Java HotSpot(TM) 64-Bit Server VM (25.45-b02 mixed mode windows-amd64 compressed oops)
Heap:
 PSYoungGen      total 236544K, used 32487K [0x00000000e0000000, 0x00000000f0e80000, 0x0000000100000000)
  eden space 213504K, 8% used [0x00000000e0000000,0x00000000e10e3058,0x00000000ed080000)
  from space 23040K, 65% used [0x00000000ef800000,0x00000000f06d6e20,0x00000000f0e80000)
  to   space 20480K, 0% used [0x00000000ed080000,0x00000000ed080000,0x00000000ee480000)
 ParOldGen       total 86528K, used 45932K [0x00000000a0000000, 0x00000000a5480000, 0x00000000e0000000)
  object space 86528K, 53% used [0x00000000a0000000,0x00000000a2cdb118,0x00000000a5480000)
 Metaspace       used 65655K, capacity 68206K, committed 68352K, reserved 1107968K
  class space    used 8852K, capacity 9400K, committed 9472K, reserved 1048576K
GC Heap History (10 events):
Event: 66.949 GC heap before
{Heap before GC invocations=19 (full 3):
 PSYoungGen      total 192000K, used 170496K [0x00000000e0000000, 0x00000000ed580000, 0x0000000100000000)
  eden space 170496K, 100% used [0x00000000e0000000,0x00000000ea680000,0x00000000ea680000)
  from space 21504K, 0% used [0x00000000ea680000,0x00000000ea680000,0x00000000ebb80000)
  to   space 22016K, 0% used [0x00000000ec000000,0x00000000ec000000,0x00000000ed580000)
 ParOldGen       total 86528K, used 40568K [0x00000000a0000000, 0x00000000a5480000, 0x00000000e0000000)
  object space 86528K, 46% used [0x00000000a0000000,0x00000000a279e040,0x00000000a5480000)
 Metaspace       used 55682K, capacity 57884K, committed 58112K, reserved 1099776K
  class space    used 7658K, capacity 8149K, committed 8192K, reserved 1048576K
Event: 66.958 GC heap after
Heap after GC invocations=19 (full 3):
 PSYoungGen      total 196608K, used 13675K [0x00000000e0000000, 0x00000000f0700000, 0x0000000100000000)
  eden space 174592K, 0% used [0x00000000e0000000,0x00000000e0000000,0x00000000eaa80000)
  from space 22016K, 62% used [0x00000000ec000000,0x00000000ecd5ac40,0x00000000ed580000)
  to   space 22016K, 0% used [0x00000000eaa80000,0x00000000eaa80000,0x00000000ec000000)
 ParOldGen       total 86528K, used 40576K [0x00000000a0000000, 0x00000000a5480000, 0x00000000e0000000)
  object space 86528K, 46% used [0x00000000a0000000,0x00000000a27a0040,0x00000000a5480000)
 Metaspace       used 55682K, capacity 57884K, committed 58112K, reserved 1099776K
  class space    used 7658K, capacity 8149K, committed 8192K, reserved 1048576K
}
Event: 96.779 GC heap before
{Heap before GC invocations=20 (full 3):
 PSYoungGen      total 196608K, used 188267K [0x00000000e0000000, 0x00000000f0700000, 0x0000000100000000)
  eden space 174592K, 100% used [0x00000000e0000000,0x00000000eaa80000,0x00000000eaa80000)
  from space 22016K, 62% used [0x00000000ec000000,0x00000000ecd5ac40,0x00000000ed580000)
  to   space 22016K, 0% used [0x00000000eaa80000,0x00000000eaa80000,0x00000000ec000000)
 ParOldGen       total 86528K, used 40576K [0x00000000a0000000, 0x00000000a5480000, 0x00000000e0000000)
  object space 86528K, 46% used [0x00000000a0000000,0x00000000a27a0040,0x00000000a5480000)
 Metaspace       used 58072K, capacity 60440K, committed 60672K, reserved 1101824K
  class space    used 7952K, capacity 8419K, committed 8448K, reserved 1048576K
Event: 96.790 GC heap after
Heap after GC invocations=20 (full 3):
 PSYoungGen      total 196608K, used 7965K [0x00000000e0000000, 0x00000000f0400000, 0x0000000100000000)
  eden space 174592K, 0% used [0x00000000e0000000,0x00000000e0000000,0x00000000eaa80000)
  from space 22016K, 36% used [0x00000000eaa80000,0x00000000eb2476c0,0x00000000ec000000)
  to   space 21504K, 0% used [0x00000000eef00000,0x00000000eef00000,0x00000000f0400000)
 ParOldGen       total 86528K, used 45908K [0x00000000a0000000, 0x00000000a5480000, 0x00000000e0000000)
  object space 86528K, 53% used [0x00000000a0000000,0x00000000a2cd5118,0x00000000a5480000)
 Metaspace       used 58072K, capacity 60440K, committed 60672K, reserved 1101824K
  class space    used 7952K, capacity 8419K, committed 8448K, reserved 1048576K
}
Event: 103.823 GC heap before
{Heap before GC invocations=21 (full 3):
 PSYoungGen      total 196608K, used 182557K [0x00000000e0000000, 0x00000000f0400000, 0x0000000100000000)
  eden space 174592K, 100% used [0x00000000e0000000,0x00000000eaa80000,0x00000000eaa80000)
  from space 22016K, 36% used [0x00000000eaa80000,0x00000000eb2476c0,0x00000000ec000000)
  to   space 21504K, 0% used [0x00000000eef00000,0x00000000eef00000,0x00000000f0400000)
 ParOldGen       total 86528K, used 45908K [0x00000000a0000000, 0x00000000a5480000, 0x00000000e0000000)
  object space 86528K, 53% used [0x00000000a0000000,0x00000000a2cd5118,0x00000000a5480000)
 Metaspace       used 58879K, capacity 61226K, committed 61312K, reserved 1101824K
  class space    used 8022K, capacity 8506K, committed 8576K, reserved 1048576K
Event: 103.831 GC heap after
Heap after GC invocations=21 (full 3):
 PSYoungGen      total 212480K, used 9397K [0x00000000e0000000, 0x00000000ef880000, 0x0000000100000000)
  eden space 202752K, 0% used [0x00000000e0000000,0x00000000e0000000,0x00000000ec600000)
  from space 9728K, 96% used [0x00000000eef00000,0x00000000ef82d7d0,0x00000000ef880000)
  to   space 20480K, 0% used [0x00000000ed080000,0x00000000ed080000,0x00000000ee480000)
 ParOldGen       total 86528K, used 45916K [0x00000000a0000000, 0x00000000a5480000, 0x00000000e0000000)
  object space 86528K, 53% used [0x00000000a0000000,0x00000000a2cd7118,0x00000000a5480000)
 Metaspace       used 58879K, capacity 61226K, committed 61312K, reserved 1101824K
  class space    used 8022K, capacity 8506K, committed 8576K, reserved 1048576K
}
Event: 114.131 GC heap before
{Heap before GC invocations=22 (full 3):
 PSYoungGen      total 212480K, used 211860K [0x00000000e0000000, 0x00000000ef880000, 0x0000000100000000)
  eden space 202752K, 99% used [0x00000000e0000000,0x00000000ec5b7920,0x00000000ec600000)
  from space 9728K, 96% used [0x00000000eef00000,0x00000000ef82d7d0,0x00000000ef880000)
  to   space 20480K, 0% used [0x00000000ed080000,0x00000000ed080000,0x00000000ee480000)
 ParOldGen       total 86528K, used 45916K [0x00000000a0000000, 0x00000000a5480000, 0x00000000e0000000)
  object space 86528K, 53% used [0x00000000a0000000,0x00000000a2cd7118,0x00000000a5480000)
 Metaspace       used 64670K, capacity 67252K, committed 67456K, reserved 1107968K
  class space    used 8733K, capacity 9283K, committed 9344K, reserved 1048576K
Event: 114.147 GC heap after
Heap after GC invocations=22 (full 3):
 PSYoungGen      total 233984K, used 19527K [0x00000000e0000000, 0x00000000f0e80000, 0x0000000100000000)
  eden space 213504K, 0% used [0x00000000e0000000,0x00000000e0000000,0x00000000ed080000)
  from space 20480K, 95% used [0x00000000ed080000,0x00000000ee391e48,0x00000000ee480000)
  to   space 23040K, 0% used [0x00000000ef800000,0x00000000ef800000,0x00000000f0e80000)
 ParOldGen       total 86528K, used 45924K [0x00000000a0000000, 0x00000000a5480000, 0x00000000e0000000)
  object space 86528K, 53% used [0x00000000a0000000,0x00000000a2cd9118,0x00000000a5480000)
 Metaspace       used 64670K, capacity 67252K, committed 67456K, reserved 1107968K
  class space    used 8733K, capacity 9283K, committed 9344K, reserved 1048576K
}
Event: 114.173 GC heap before
{Heap before GC invocations=23 (full 3):
 PSYoungGen      total 233984K, used 232039K [0x00000000e0000000, 0x00000000f0e80000, 0x0000000100000000)
  eden space 213504K, 99% used [0x00000000e0000000,0x00000000ecf87ed0,0x00000000ed080000)
  from space 20480K, 95% used [0x00000000ed080000,0x00000000ee391e48,0x00000000ee480000)
  to   space 23040K, 0% used [0x00000000ef800000,0x00000000ef800000,0x00000000f0e80000)
 ParOldGen       total 86528K, used 45924K [0x00000000a0000000, 0x00000000a5480000, 0x00000000e0000000)
  object space 86528K, 53% used [0x00000000a0000000,0x00000000a2cd9118,0x00000000a5480000)
 Metaspace       used 64679K, capacity 67252K, committed 67456K, reserved 1107968K
  class space    used 8733K, capacity 9283K, committed 9344K, reserved 1048576K
Event: 114.182 GC heap after
Heap after GC invocations=23 (full 3):
 PSYoungGen      total 236544K, used 15195K [0x00000000e0000000, 0x00000000f0e80000, 0x0000000100000000)
  eden space 213504K, 0% used [0x00000000e0000000,0x00000000e0000000,0x00000000ed080000)
  from space 23040K, 65% used [0x00000000ef800000,0x00000000f06d6e20,0x00000000f0e80000)
  to   space 20480K, 0% used [0x00000000ed080000,0x00000000ed080000,0x00000000ee480000)
 ParOldGen       total 86528K, used 45932K [0x00000000a0000000, 0x00000000a5480000, 0x00000000e0000000)
  object space 86528K, 53% used [0x00000000a0000000,0x00000000a2cdb118,0x00000000a5480000)
 Metaspace       used 64679K, capacity 67252K, committed 67456K, reserved 1107968K
  class space    used 8733K, capacity 9283K, committed 9344K, reserved 1048576K
}

