# JRE version: Java(TM) SE Runtime Environment (8.0_45-b15) (build 1.8.0_45-b15)
# Java VM: Java HotSpot(TM) 64-Bit Server VM (25.45-b02 mixed mode windows-amd64 compressed oops)
Heap:
 PSYoungGen      total 97280K, used 41747K [0x00000000e0000000, 0x00000000e7280000, 0x0000000100000000)
  eden space 86016K, 48% used [0x00000000e0000000,0x00000000e28c4dd0,0x00000000e5400000)
  from space 11264K, 0% used [0x00000000e5f00000,0x00000000e5f00000,0x00000000e6a00000)
  to   space 11264K, 0% used [0x00000000e5400000,0x00000000e5400000,0x00000000e5f00000)
 ParOldGen       total 87552K, used 14869K [0x00000000a0000000, 0x00000000a5580000, 0x00000000e0000000)
  object space 87552K, 16% used [0x00000000a0000000,0x00000000a0e856d0,0x00000000a5580000)
 Metaspace       used 36492K, capacity 37222K, committed 37632K, reserved 1081344K
  class space    used 5032K, capacity 5249K, committed 5376K, reserved 1048576K
GC Heap History (10 events):
Event: 6.328 GC heap before
{Heap before GC invocations=8 (full 1):
 PSYoungGen      total 57344K, used 53506K [0x00000000e0000000, 0x00000000e4300000, 0x0000000100000000)
  eden space 48128K, 100% used [0x00000000e0000000,0x00000000e2f00000,0x00000000e2f00000)
  from space 9216K, 58% used [0x00000000e3a00000,0x00000000e3f40b88,0x00000000e4300000)
  to   space 10240K, 0% used [0x00000000e2f00000,0x00000000e2f00000,0x00000000e3900000)
 ParOldGen       total 64000K, used 8550K [0x00000000a0000000, 0x00000000a3e80000, 0x00000000e0000000)
  object space 64000K, 13% used [0x00000000a0000000,0x00000000a0859b08,0x00000000a3e80000)
 Metaspace       used 27704K, capacity 28160K, committed 28416K, reserved 1073152K
  class space    used 3872K, capacity 3996K, committed 4096K, reserved 1048576K
Event: 6.333 GC heap after
Heap after GC invocations=8 (full 1):
 PSYoungGen      total 58368K, used 4787K [0x00000000e0000000, 0x00000000e5700000, 0x0000000100000000)
  eden space 48128K, 0% used [0x00000000e0000000,0x00000000e0000000,0x00000000e2f00000)
  from space 10240K, 46% used [0x00000000e2f00000,0x00000000e33aced8,0x00000000e3900000)
  to   space 10240K, 0% used [0x00000000e4d00000,0x00000000e4d00000,0x00000000e5700000)
 ParOldGen       total 64000K, used 8566K [0x00000000a0000000, 0x00000000a3e80000, 0x00000000e0000000)
  object space 64000K, 13% used [0x00000000a0000000,0x00000000a085db20,0x00000000a3e80000)
 Metaspace       used 27704K, capacity 28160K, committed 28416K, reserved 1073152K
  class space    used 3872K, capacity 3996K, committed 4096K, reserved 1048576K
}
Event: 7.281 GC heap before
{Heap before GC invocations=9 (full 1):
 PSYoungGen      total 58368K, used 52915K [0x00000000e0000000, 0x00000000e5700000, 0x0000000100000000)
  eden space 48128K, 100% used [0x00000000e0000000,0x00000000e2f00000,0x00000000e2f00000)
  from space 10240K, 46% used [0x00000000e2f00000,0x00000000e33aced8,0x00000000e3900000)
  to   space 10240K, 0% used [0x00000000e4d00000,0x00000000e4d00000,0x00000000e5700000)
 ParOldGen       total 64000K, used 8566K [0x00000000a0000000, 0x00000000a3e80000, 0x00000000e0000000)
  object space 64000K, 13% used [0x00000000a0000000,0x00000000a085db20,0x00000000a3e80000)
 Metaspace       used 28958K, capacity 29482K, committed 29824K, reserved 1075200K
  class space    used 4028K, capacity 4206K, committed 4224K, reserved 1048576K
Event: 7.286 GC heap after
Heap after GC invocations=9 (full 1):
 PSYoungGen      total 74752K, used 5622K [0x00000000e0000000, 0x00000000e5480000, 0x0000000100000000)
  eden space 67072K, 0% used [0x00000000e0000000,0x00000000e0000000,0x00000000e4180000)
  from space 7680K, 73% used [0x00000000e4d00000,0x00000000e527d940,0x00000000e5480000)
  to   space 9728K, 0% used [0x00000000e4180000,0x00000000e4180000,0x00000000e4b00000)
 ParOldGen       total 64000K, used 8638K [0x00000000a0000000, 0x00000000a3e80000, 0x00000000e0000000)
  object space 64000K, 13% used [0x00000000a0000000,0x00000000a086fb30,0x00000000a3e80000)
 Metaspace       used 28958K, capacity 29482K, committed 29824K, reserved 1075200K
  class space    used 4028K, capacity 4206K, committed 4224K, reserved 1048576K
}
Event: 7.894 GC heap before
{Heap before GC invocations=10 (full 1):
 PSYoungGen      total 74752K, used 72694K [0x00000000e0000000, 0x00000000e5480000, 0x0000000100000000)
  eden space 67072K, 100% used [0x00000000e0000000,0x00000000e4180000,0x00000000e4180000)
  from space 7680K, 73% used [0x00000000e4d00000,0x00000000e527d940,0x00000000e5480000)
  to   space 9728K, 0% used [0x00000000e4180000,0x00000000e4180000,0x00000000e4b00000)
 ParOldGen       total 64000K, used 8638K [0x00000000a0000000, 0x00000000a3e80000, 0x00000000e0000000)
  object space 64000K, 13% used [0x00000000a0000000,0x00000000a086fb30,0x00000000a3e80000)
 Metaspace       used 33978K, capacity 34502K, committed 34816K, reserved 1079296K
  class space    used 4662K, capacity 4812K, committed 4864K, reserved 1048576K
Event: 7.904 GC heap after
Heap after GC invocations=10 (full 1):
 PSYoungGen      total 76800K, used 9696K [0x00000000e0000000, 0x00000000e6a00000, 0x0000000100000000)
  eden space 67072K, 0% used [0x00000000e0000000,0x00000000e0000000,0x00000000e4180000)
  from space 9728K, 99% used [0x00000000e4180000,0x00000000e4af8318,0x00000000e4b00000)
  to   space 11264K, 0% used [0x00000000e5f00000,0x00000000e5f00000,0x00000000e6a00000)
 ParOldGen       total 64000K, used 9443K [0x00000000a0000000, 0x00000000a3e80000, 0x00000000e0000000)
  object space 64000K, 14% used [0x00000000a0000000,0x00000000a0938e18,0x00000000a3e80000)
 Metaspace       used 33978K, capacity 34502K, committed 34816K, reserved 1079296K
  class space    used 4662K, capacity 4812K, committed 4864K, reserved 1048576K
}
Event: 7.983 GC heap before
{Heap before GC invocations=11 (full 1):
 PSYoungGen      total 76800K, used 14956K [0x00000000e0000000, 0x00000000e6a00000, 0x0000000100000000)
  eden space 67072K, 7% used [0x00000000e0000000,0x00000000e0523000,0x00000000e4180000)
  from space 9728K, 99% used [0x00000000e4180000,0x00000000e4af8318,0x00000000e4b00000)
  to   space 11264K, 0% used [0x00000000e5f00000,0x00000000e5f00000,0x00000000e6a00000)
 ParOldGen       total 64000K, used 9443K [0x00000000a0000000, 0x00000000a3e80000, 0x00000000e0000000)
  object space 64000K, 14% used [0x00000000a0000000,0x00000000a0938e18,0x00000000a3e80000)
 Metaspace       used 34595K, capacity 35110K, committed 35456K, reserved 1079296K
  class space    used 4738K, capacity 4908K, committed 4992K, reserved 1048576K
Event: 7.989 GC heap after
Heap after GC invocations=11 (full 1):
 PSYoungGen      total 97280K, used 8325K [0x00000000e0000000, 0x00000000e7280000, 0x0000000100000000)
  eden space 86016K, 0% used [0x00000000e0000000,0x00000000e0000000,0x00000000e5400000)
  from space 11264K, 73% used [0x00000000e5f00000,0x00000000e6721560,0x00000000e6a00000)
  to   space 11264K, 0% used [0x00000000e5400000,0x00000000e5400000,0x00000000e5f00000)
 ParOldGen       total 64000K, used 9451K [0x00000000a0000000, 0x00000000a3e80000, 0x00000000e0000000)
  object space 64000K, 14% used [0x00000000a0000000,0x00000000a093ae18,0x00000000a3e80000)
 Metaspace       used 34595K, capacity 35110K, committed 35456K, reserved 1079296K
  class space    used 4738K, capacity 4908K, committed 4992K, reserved 1048576K
}
Event: 7.989 GC heap before
{Heap before GC invocations=12 (full 2):
 PSYoungGen      total 97280K, used 8325K [0x00000000e0000000, 0x00000000e7280000, 0x0000000100000000)
  eden space 86016K, 0% used [0x00000000e0000000,0x00000000e0000000,0x00000000e5400000)
  from space 11264K, 73% used [0x00000000e5f00000,0x00000000e6721560,0x00000000e6a00000)
  to   space 11264K, 0% used [0x00000000e5400000,0x00000000e5400000,0x00000000e5f00000)
 ParOldGen       total 64000K, used 9451K [0x00000000a0000000, 0x00000000a3e80000, 0x00000000e0000000)
  object space 64000K, 14% used [0x00000000a0000000,0x00000000a093ae18,0x00000000a3e80000)
 Metaspace       used 34595K, capacity 35110K, committed 35456K, reserved 1079296K
  class space    used 4738K, capacity 4908K, committed 4992K, reserved 1048576K
Event: 8.047 GC heap after
Heap after GC invocations=12 (full 2):
 PSYoungGen      total 97280K, used 0K [0x00000000e0000000, 0x00000000e7280000, 0x0000000100000000)
  eden space 86016K, 0% used [0x00000000e0000000,0x00000000e0000000,0x00000000e5400000)
  from space 11264K, 0% used [0x00000000e5f00000,0x00000000e5f00000,0x00000000e6a00000)
  to   space 11264K, 0% used [0x00000000e5400000,0x00000000e5400000,0x00000000e5f00000)
 ParOldGen       total 87552K, used 14869K [0x00000000a0000000, 0x00000000a5580000, 0x00000000e0000000)
  object space 87552K, 16% used [0x00000000a0000000,0x00000000a0e856d0,0x00000000a5580000)
 Metaspace       used 34595K, capacity 35110K, committed 35456K, reserved 1079296K
  class space    used 4738K, capacity 4908K, committed 4992K, reserved 1048576K
}

