# JRE version: Java(TM) SE Runtime Environment (8.0_45-b15) (build 1.8.0_45-b15)
# Java VM: Java HotSpot(TM) 64-Bit Server VM (25.45-b02 mixed mode windows-amd64 compressed oops)
Heap:
 PSYoungGen      total 138752K, used 33869K [0x00000000e0000000, 0x00000000e9480000, 0x0000000100000000)
  eden space 127488K, 17% used [0x00000000e0000000,0x00000000e161af20,0x00000000e7c80000)
  from space 11264K, 99% used [0x00000000e8900000,0x00000000e93f84e0,0x00000000e9400000)
  to   space 12288K, 0% used [0x00000000e7c80000,0x00000000e7c80000,0x00000000e8880000)
 ParOldGen       total 80384K, used 34574K [0x00000000a0000000, 0x00000000a4e80000, 0x00000000e0000000)
  object space 80384K, 43% used [0x00000000a0000000,0x00000000a21c3b90,0x00000000a4e80000)
 Metaspace       used 51453K, capacity 53344K, committed 53504K, reserved 1095680K
  class space    used 7184K, capacity 7594K, committed 7680K, reserved 1048576K
GC Heap History (10 events):
Event: 13.546 GC heap before
{Heap before GC invocations=12 (full 2):
 PSYoungGen      total 99328K, used 7381K [0x00000000e0000000, 0x00000000e7a80000, 0x0000000100000000)
  eden space 88064K, 0% used [0x00000000e0000000,0x00000000e0000000,0x00000000e5600000)
  from space 11264K, 65% used [0x00000000e6100000,0x00000000e6835588,0x00000000e6c00000)
  to   space 11264K, 0% used [0x00000000e5600000,0x00000000e5600000,0x00000000e6100000)
 ParOldGen       total 65536K, used 9948K [0x00000000a0000000, 0x00000000a4000000, 0x00000000e0000000)
  object space 65536K, 15% used [0x00000000a0000000,0x00000000a09b72d8,0x00000000a4000000)
 Metaspace       used 34563K, capacity 35298K, committed 35456K, reserved 1079296K
  class space    used 4758K, capacity 4978K, committed 4992K, reserved 1048576K
Event: 13.625 GC heap after
Heap after GC invocations=12 (full 2):
 PSYoungGen      total 99328K, used 0K [0x00000000e0000000, 0x00000000e7a80000, 0x0000000100000000)
  eden space 88064K, 0% used [0x00000000e0000000,0x00000000e0000000,0x00000000e5600000)
  from space 11264K, 0% used [0x00000000e6100000,0x00000000e6100000,0x00000000e6c00000)
  to   space 11264K, 0% used [0x00000000e5600000,0x00000000e5600000,0x00000000e6100000)
 ParOldGen       total 80384K, used 15130K [0x00000000a0000000, 0x00000000a4e80000, 0x00000000e0000000)
  object space 80384K, 18% used [0x00000000a0000000,0x00000000a0ec6ae8,0x00000000a4e80000)
 Metaspace       used 34563K, capacity 35298K, committed 35456K, reserved 1079296K
  class space    used 4758K, capacity 4978K, committed 4992K, reserved 1048576K
}
Event: 24.525 GC heap before
{Heap before GC invocations=13 (full 2):
 PSYoungGen      total 99328K, used 88064K [0x00000000e0000000, 0x00000000e7a80000, 0x0000000100000000)
  eden space 88064K, 100% used [0x00000000e0000000,0x00000000e5600000,0x00000000e5600000)
  from space 11264K, 0% used [0x00000000e6100000,0x00000000e6100000,0x00000000e6c00000)
  to   space 11264K, 0% used [0x00000000e5600000,0x00000000e5600000,0x00000000e6100000)
 ParOldGen       total 80384K, used 15130K [0x00000000a0000000, 0x00000000a4e80000, 0x00000000e0000000)
  object space 80384K, 18% used [0x00000000a0000000,0x00000000a0ec6ae8,0x00000000a4e80000)
 Metaspace       used 41628K, capacity 42588K, committed 42880K, reserved 1085440K
  class space    used 5707K, capacity 5926K, committed 6016K, reserved 1048576K
Event: 24.532 GC heap after
Heap after GC invocations=13 (full 2):
 PSYoungGen      total 99328K, used 8653K [0x00000000e0000000, 0x00000000e9400000, 0x0000000100000000)
  eden space 88064K, 0% used [0x00000000e0000000,0x00000000e0000000,0x00000000e5600000)
  from space 11264K, 76% used [0x00000000e5600000,0x00000000e5e73538,0x00000000e6100000)
  to   space 11264K, 0% used [0x00000000e8900000,0x00000000e8900000,0x00000000e9400000)
 ParOldGen       total 80384K, used 15202K [0x00000000a0000000, 0x00000000a4e80000, 0x00000000e0000000)
  object space 80384K, 18% used [0x00000000a0000000,0x00000000a0ed8af8,0x00000000a4e80000)
 Metaspace       used 41628K, capacity 42588K, committed 42880K, reserved 1085440K
  class space    used 5707K, capacity 5926K, committed 6016K, reserved 1048576K
}
Event: 25.329 GC heap before
{Heap before GC invocations=14 (full 2):
 PSYoungGen      total 99328K, used 96717K [0x00000000e0000000, 0x00000000e9400000, 0x0000000100000000)
  eden space 88064K, 100% used [0x00000000e0000000,0x00000000e5600000,0x00000000e5600000)
  from space 11264K, 76% used [0x00000000e5600000,0x00000000e5e73538,0x00000000e6100000)
  to   space 11264K, 0% used [0x00000000e8900000,0x00000000e8900000,0x00000000e9400000)
 ParOldGen       total 80384K, used 15202K [0x00000000a0000000, 0x00000000a4e80000, 0x00000000e0000000)
  object space 80384K, 18% used [0x00000000a0000000,0x00000000a0ed8af8,0x00000000a4e80000)
 Metaspace       used 42007K, capacity 42948K, committed 43392K, reserved 1087488K
  class space    used 5720K, capacity 5932K, committed 6016K, reserved 1048576K
Event: 25.336 GC heap after
Heap after GC invocations=14 (full 2):
 PSYoungGen      total 138752K, used 9510K [0x00000000e0000000, 0x00000000e9480000, 0x0000000100000000)
  eden space 127488K, 0% used [0x00000000e0000000,0x00000000e0000000,0x00000000e7c80000)
  from space 11264K, 84% used [0x00000000e8900000,0x00000000e9249ae0,0x00000000e9400000)
  to   space 12288K, 0% used [0x00000000e7c80000,0x00000000e7c80000,0x00000000e8880000)
 ParOldGen       total 80384K, used 15210K [0x00000000a0000000, 0x00000000a4e80000, 0x00000000e0000000)
  object space 80384K, 18% used [0x00000000a0000000,0x00000000a0edaaf8,0x00000000a4e80000)
 Metaspace       used 42007K, capacity 42948K, committed 43392K, reserved 1087488K
  class space    used 5720K, capacity 5932K, committed 6016K, reserved 1048576K
}
Event: 31.344 GC heap before
{Heap before GC invocations=15 (full 2):
 PSYoungGen      total 138752K, used 136998K [0x00000000e0000000, 0x00000000e9480000, 0x0000000100000000)
  eden space 127488K, 100% used [0x00000000e0000000,0x00000000e7c80000,0x00000000e7c80000)
  from space 11264K, 84% used [0x00000000e8900000,0x00000000e9249ae0,0x00000000e9400000)
  to   space 12288K, 0% used [0x00000000e7c80000,0x00000000e7c80000,0x00000000e8880000)
 ParOldGen       total 80384K, used 15210K [0x00000000a0000000, 0x00000000a4e80000, 0x00000000e0000000)
  object space 80384K, 18% used [0x00000000a0000000,0x00000000a0edaaf8,0x00000000a4e80000)
 Metaspace       used 45463K, capacity 46692K, committed 46720K, reserved 1089536K
  class space    used 6241K, capacity 6526K, committed 6528K, reserved 1048576K
Event: 31.355 GC heap after
Heap after GC invocations=15 (full 2):
 PSYoungGen      total 139776K, used 12281K [0x00000000e0000000, 0x00000000e9480000, 0x0000000100000000)
  eden space 127488K, 0% used [0x00000000e0000000,0x00000000e0000000,0x00000000e7c80000)
  from space 12288K, 99% used [0x00000000e7c80000,0x00000000e887e6f0,0x00000000e8880000)
  to   space 11264K, 0% used [0x00000000e8900000,0x00000000e8900000,0x00000000e9400000)
 ParOldGen       total 80384K, used 18393K [0x00000000a0000000, 0x00000000a4e80000, 0x00000000e0000000)
  object space 80384K, 22% used [0x00000000a0000000,0x00000000a11f6580,0x00000000a4e80000)
 Metaspace       used 45463K, capacity 46692K, committed 46720K, reserved 1089536K
  class space    used 6241K, capacity 6526K, committed 6528K, reserved 1048576K
}
Event: 34.872 GC heap before
{Heap before GC invocations=16 (full 2):
 PSYoungGen      total 139776K, used 139769K [0x00000000e0000000, 0x00000000e9480000, 0x0000000100000000)
  eden space 127488K, 100% used [0x00000000e0000000,0x00000000e7c80000,0x00000000e7c80000)
  from space 12288K, 99% used [0x00000000e7c80000,0x00000000e887e6f0,0x00000000e8880000)
  to   space 11264K, 0% used [0x00000000e8900000,0x00000000e8900000,0x00000000e9400000)
 ParOldGen       total 80384K, used 18393K [0x00000000a0000000, 0x00000000a4e80000, 0x00000000e0000000)
  object space 80384K, 22% used [0x00000000a0000000,0x00000000a11f6580,0x00000000a4e80000)
 Metaspace       used 50472K, capacity 52096K, committed 52224K, reserved 1093632K
  class space    used 6980K, capacity 7366K, committed 7424K, reserved 1048576K
Event: 34.907 GC heap after
Heap after GC invocations=16 (full 2):
 PSYoungGen      total 138752K, used 11233K [0x00000000e0000000, 0x00000000e9480000, 0x0000000100000000)
  eden space 127488K, 0% used [0x00000000e0000000,0x00000000e0000000,0x00000000e7c80000)
  from space 11264K, 99% used [0x00000000e8900000,0x00000000e93f84e0,0x00000000e9400000)
  to   space 12288K, 0% used [0x00000000e7c80000,0x00000000e7c80000,0x00000000e8880000)
 ParOldGen       total 80384K, used 34574K [0x00000000a0000000, 0x00000000a4e80000, 0x00000000e0000000)
  object space 80384K, 43% used [0x00000000a0000000,0x00000000a21c3b90,0x00000000a4e80000)
 Metaspace       used 50472K, capacity 52096K, committed 52224K, reserved 1093632K
  class space    used 6980K, capacity 7366K, committed 7424K, reserved 1048576K
}

