# JRE version: Java(TM) SE Runtime Environment (8.0_45-b15) (build 1.8.0_45-b15)
# Java VM: Java HotSpot(TM) 64-Bit Server VM (25.45-b02 mixed mode windows-amd64 compressed oops)
Heap:
 PSYoungGen      total 192000K, used 31564K [0x00000000e0000000, 0x00000000ed800000, 0x0000000100000000)
  eden space 164864K, 13% used [0x00000000e0000000,0x00000000e15fd208,0x00000000ea100000)
  from space 27136K, 33% used [0x00000000ea100000,0x00000000ea9d5f88,0x00000000ebb80000)
  to   space 26624K, 0% used [0x00000000ebb80000,0x00000000ebb80000,0x00000000ed580000)
 ParOldGen       total 97280K, used 37689K [0x00000000a0000000, 0x00000000a5f00000, 0x00000000e0000000)
  object space 97280K, 38% used [0x00000000a0000000,0x00000000a24ce708,0x00000000a5f00000)
 Metaspace       used 62266K, capacity 64016K, committed 64256K, reserved 1107968K
  class space    used 8243K, capacity 8634K, committed 8704K, reserved 1048576K
GC Heap History (10 events):
Event: 29.654 GC heap before
{Heap before GC invocations=18 (full 2):
 PSYoungGen      total 141312K, used 141281K [0x00000000e0000000, 0x00000000ebd80000, 0x0000000100000000)
  eden space 125440K, 100% used [0x00000000e0000000,0x00000000e7a80000,0x00000000e7a80000)
  from space 15872K, 99% used [0x00000000e7a80000,0x00000000e89f87c8,0x00000000e8a00000)
  to   space 20992K, 0% used [0x00000000ea900000,0x00000000ea900000,0x00000000ebd80000)
 ParOldGen       total 97280K, used 28725K [0x00000000a0000000, 0x00000000a5f00000, 0x00000000e0000000)
  object space 97280K, 29% used [0x00000000a0000000,0x00000000a1c0d678,0x00000000a5f00000)
 Metaspace       used 56467K, capacity 57942K, committed 58240K, reserved 1099776K
  class space    used 7620K, capacity 7959K, committed 8064K, reserved 1048576K
Event: 29.669 GC heap after
Heap after GC invocations=18 (full 2):
 PSYoungGen      total 169472K, used 20555K [0x00000000e0000000, 0x00000000ebf00000, 0x0000000100000000)
  eden space 148480K, 0% used [0x00000000e0000000,0x00000000e0000000,0x00000000e9100000)
  from space 20992K, 97% used [0x00000000ea900000,0x00000000ebd12d70,0x00000000ebd80000)
  to   space 23552K, 0% used [0x00000000e9100000,0x00000000e9100000,0x00000000ea800000)
 ParOldGen       total 97280K, used 28733K [0x00000000a0000000, 0x00000000a5f00000, 0x00000000e0000000)
  object space 97280K, 29% used [0x00000000a0000000,0x00000000a1c0f678,0x00000000a5f00000)
 Metaspace       used 56467K, capacity 57942K, committed 58240K, reserved 1099776K
  class space    used 7620K, capacity 7959K, committed 8064K, reserved 1048576K
}
Event: 32.203 GC heap before
{Heap before GC invocations=19 (full 2):
 PSYoungGen      total 169472K, used 63236K [0x00000000e0000000, 0x00000000ebf00000, 0x0000000100000000)
  eden space 148480K, 28% used [0x00000000e0000000,0x00000000e29ae538,0x00000000e9100000)
  from space 20992K, 97% used [0x00000000ea900000,0x00000000ebd12d70,0x00000000ebd80000)
  to   space 23552K, 0% used [0x00000000e9100000,0x00000000e9100000,0x00000000ea800000)
 ParOldGen       total 97280K, used 28733K [0x00000000a0000000, 0x00000000a5f00000, 0x00000000e0000000)
  object space 97280K, 29% used [0x00000000a0000000,0x00000000a1c0f678,0x00000000a5f00000)
 Metaspace       used 57627K, capacity 59074K, committed 59096K, reserved 1099776K
  class space    used 7717K, capacity 8057K, committed 8064K, reserved 1048576K
Event: 32.217 GC heap after
Heap after GC invocations=19 (full 2):
 PSYoungGen      total 172032K, used 22412K [0x00000000e0000000, 0x00000000ed580000, 0x0000000100000000)
  eden space 148480K, 0% used [0x00000000e0000000,0x00000000e0000000,0x00000000e9100000)
  from space 23552K, 95% used [0x00000000e9100000,0x00000000ea6e3398,0x00000000ea800000)
  to   space 26624K, 0% used [0x00000000ebb80000,0x00000000ebb80000,0x00000000ed580000)
 ParOldGen       total 97280K, used 28741K [0x00000000a0000000, 0x00000000a5f00000, 0x00000000e0000000)
  object space 97280K, 29% used [0x00000000a0000000,0x00000000a1c11678,0x00000000a5f00000)
 Metaspace       used 57627K, capacity 59074K, committed 59096K, reserved 1099776K
  class space    used 7717K, capacity 8057K, committed 8064K, reserved 1048576K
}
Event: 32.217 GC heap before
{Heap before GC invocations=20 (full 3):
 PSYoungGen      total 172032K, used 22412K [0x00000000e0000000, 0x00000000ed580000, 0x0000000100000000)
  eden space 148480K, 0% used [0x00000000e0000000,0x00000000e0000000,0x00000000e9100000)
  from space 23552K, 95% used [0x00000000e9100000,0x00000000ea6e3398,0x00000000ea800000)
  to   space 26624K, 0% used [0x00000000ebb80000,0x00000000ebb80000,0x00000000ed580000)
 ParOldGen       total 97280K, used 28741K [0x00000000a0000000, 0x00000000a5f00000, 0x00000000e0000000)
  object space 97280K, 29% used [0x00000000a0000000,0x00000000a1c11678,0x00000000a5f00000)
 Metaspace       used 57627K, capacity 59074K, committed 59096K, reserved 1099776K
  class space    used 7717K, capacity 8057K, committed 8064K, reserved 1048576K
Event: 32.435 GC heap after
Heap after GC invocations=20 (full 3):
 PSYoungGen      total 172032K, used 0K [0x00000000e0000000, 0x00000000ed580000, 0x0000000100000000)
  eden space 148480K, 0% used [0x00000000e0000000,0x00000000e0000000,0x00000000e9100000)
  from space 23552K, 0% used [0x00000000e9100000,0x00000000e9100000,0x00000000ea800000)
  to   space 26624K, 0% used [0x00000000ebb80000,0x00000000ebb80000,0x00000000ed580000)
 ParOldGen       total 97280K, used 37673K [0x00000000a0000000, 0x00000000a5f00000, 0x00000000e0000000)
  object space 97280K, 38% used [0x00000000a0000000,0x00000000a24ca708,0x00000000a5f00000)
 Metaspace       used 57625K, capacity 59068K, committed 59096K, reserved 1099776K
  class space    used 7717K, capacity 8056K, committed 8064K, reserved 1048576K
}
Event: 32.707 GC heap before
{Heap before GC invocations=21 (full 3):
 PSYoungGen      total 172032K, used 148417K [0x00000000e0000000, 0x00000000ed580000, 0x0000000100000000)
  eden space 148480K, 99% used [0x00000000e0000000,0x00000000e90f06e0,0x00000000e9100000)
  from space 23552K, 0% used [0x00000000e9100000,0x00000000e9100000,0x00000000ea800000)
  to   space 26624K, 0% used [0x00000000ebb80000,0x00000000ebb80000,0x00000000ed580000)
 ParOldGen       total 97280K, used 37673K [0x00000000a0000000, 0x00000000a5f00000, 0x00000000e0000000)
  object space 97280K, 38% used [0x00000000a0000000,0x00000000a24ca708,0x00000000a5f00000)
 Metaspace       used 58496K, capacity 60078K, committed 60288K, reserved 1101824K
  class space    used 7850K, capacity 8197K, committed 8320K, reserved 1048576K
Event: 32.709 GC heap after
Heap after GC invocations=21 (full 3):
 PSYoungGen      total 191488K, used 1325K [0x00000000e0000000, 0x00000000ed800000, 0x0000000100000000)
  eden space 164864K, 0% used [0x00000000e0000000,0x00000000e0000000,0x00000000ea100000)
  from space 26624K, 4% used [0x00000000ebb80000,0x00000000ebccb510,0x00000000ed580000)
  to   space 27136K, 0% used [0x00000000ea100000,0x00000000ea100000,0x00000000ebb80000)
 ParOldGen       total 97280K, used 37681K [0x00000000a0000000, 0x00000000a5f00000, 0x00000000e0000000)
  object space 97280K, 38% used [0x00000000a0000000,0x00000000a24cc708,0x00000000a5f00000)
 Metaspace       used 58496K, capacity 60078K, committed 60288K, reserved 1101824K
  class space    used 7850K, capacity 8197K, committed 8320K, reserved 1048576K
}
Event: 33.579 GC heap before
{Heap before GC invocations=22 (full 3):
 PSYoungGen      total 191488K, used 166189K [0x00000000e0000000, 0x00000000ed800000, 0x0000000100000000)
  eden space 164864K, 100% used [0x00000000e0000000,0x00000000ea100000,0x00000000ea100000)
  from space 26624K, 4% used [0x00000000ebb80000,0x00000000ebccb510,0x00000000ed580000)
  to   space 27136K, 0% used [0x00000000ea100000,0x00000000ea100000,0x00000000ebb80000)
 ParOldGen       total 97280K, used 37681K [0x00000000a0000000, 0x00000000a5f00000, 0x00000000e0000000)
  object space 97280K, 38% used [0x00000000a0000000,0x00000000a24cc708,0x00000000a5f00000)
 Metaspace       used 62142K, capacity 63888K, committed 64000K, reserved 1107968K
  class space    used 8243K, capacity 8634K, committed 8704K, reserved 1048576K
Event: 33.587 GC heap after
Heap after GC invocations=22 (full 3):
 PSYoungGen      total 192000K, used 9047K [0x00000000e0000000, 0x00000000ed800000, 0x0000000100000000)
  eden space 164864K, 0% used [0x00000000e0000000,0x00000000e0000000,0x00000000ea100000)
  from space 27136K, 33% used [0x00000000ea100000,0x00000000ea9d5f88,0x00000000ebb80000)
  to   space 26624K, 0% used [0x00000000ebb80000,0x00000000ebb80000,0x00000000ed580000)
 ParOldGen       total 97280K, used 37689K [0x00000000a0000000, 0x00000000a5f00000, 0x00000000e0000000)
  object space 97280K, 38% used [0x00000000a0000000,0x00000000a24ce708,0x00000000a5f00000)
 Metaspace       used 62142K, capacity 63888K, committed 64000K, reserved 1107968K
  class space    used 8243K, capacity 8634K, committed 8704K, reserved 1048576K
}

